<?xml version="1.0" encoding="UTF-8"?>
<!-- Generated by org.testng.reporters.JUnitReportReporter -->
<testsuite hostname="DESKTOP-I625SM9" failures="0" tests="1" name="demoTest.d1Test" time="0.015" errors="0" timestamp="2022-09-08T12:49:50 IST" skipped="0">
  <testcase classname="demoTest.d1Test" name="d1Test" time="0.015"/>
  <system-out/>
</testsuite> <!-- demoTest.d1Test -->
